<?xml version="1.0" encoding="UTF-8"?>
<testsuite xmlns:xsi="http://www.w3.org/2001/XMLSchema-instance" xsi:noNamespaceSchemaLocation="https://maven.apache.org/surefire/maven-surefire-plugin/xsd/surefire-test-report.xsd" name="guestbook.GuestbookControllerIntegrationTests" time="0.927" tests="2" errors="0" skipped="0" failures="0">
  <properties>
[...]
</properties>
  <testcase name="redirectsToLoginPageForSecuredResource" classname="guestbook.GuestbookControllerIntegrationTests" time="0.065"/>
  <testcase name="returnsModelAndViewForSecuredUriAfterAuthentication" classname="guestbook.GuestbookControllerIntegrationTests" time="0.047"/>
</testsuite>